Rc files read:
  /etc/LatexMk
Latexmk: This is Latexmk, John Collins, 7 Jan. 2023. Version 4.79.
Latexmk: Changing directory to '/overleaf/services/clsi/compiles/69f8823dca613f98e44ad8ce-69f77d743f74d73b876b0be8/'
No existing .aux file, so I'll make a simple one, and require run of *latex.
Latexmk: applying rule 'pdflatex'...
Rule 'pdflatex':  Reasons for rerun
Category 'other':
  Rerun of 'pdflatex' forced or previously required

------------
Run number 1 of rule 'pdflatex'
------------
------------
Running 'pdflatex  -synctex=1 -interaction=batchmode -recorder --jobname="output"  "main.tex"'
------------
This is pdfTeX, Version 3.141592653-2.6-1.40.24 (TeX Live 2022/Debian) (preloaded format=pdflatex)
 restricted \write18 enabled.
entering extended mode
Latexmk: Getting log file 'output.log'
Latexmk: Examining 'output.fls'
Latexmk: Examining 'output.log'
Latexmk: References changed.
Latexmk: References changed.
Latexmk: Log file says output to 'output.pdf'
Latexmk: Found bibliography file(s):
  ./sample.bib
Latexmk: applying rule 'bibtex output'...
Rule 'bibtex output':  Reasons for rerun
Category 'other':
  Rerun of 'bibtex output' forced or previously required

------------
Run number 1 of rule 'bibtex output'
------------
------------
Running 'bibtex  "output.aux"'
------------
This is BibTeX, Version 0.99d (TeX Live 2022/Debian)
The top-level auxiliary file: output.aux
The style file: alpha.bst
Database file #1: sample.bib
Latexmk: applying rule 'pdflatex'...
Rule 'pdflatex':  Reasons for rerun
Changed files or newly in use/created:
  output.bbl

------------
Run number 2 of rule 'pdflatex'
------------
------------
Running 'pdflatex  -synctex=1 -interaction=batchmode -recorder --jobname="output"  "main.tex"'
------------
This is pdfTeX, Version 3.141592653-2.6-1.40.24 (TeX Live 2022/Debian) (preloaded format=pdflatex)
 restricted \write18 enabled.
entering extended mode
Latexmk: Getting log file 'output.log'
Latexmk: Examining 'output.fls'
Latexmk: Examining 'output.log'
Latexmk: Found input bbl file 'output.bbl'
Latexmk: References changed.
Latexmk: Log file says output to 'output.pdf'
Latexmk: Found bibliography file(s):
  ./sample.bib
Latexmk: applying rule 'bibtex output'...
Rule 'bibtex output':  Reasons for rerun
Changed files or newly in use/created:
  output.aux

------------
Run number 2 of rule 'bibtex output'
------------
------------
Running 'bibtex  "output.aux"'
------------
This is BibTeX, Version 0.99d (TeX Live 2022/Debian)
The top-level auxiliary file: output.aux
The style file: alpha.bst
Database file #1: sample.bib
Latexmk: Summary of warnings from last run of *latex:
  Latex failed to resolve 1 citation(s)
Latexmk: All targets () are up-to-date
Collected error summary (may duplicate other messages):
  pdflatex: Command for 'pdflatex' gave return code 1
      Refer to 'output.log' and/or above output for details
Latexmk: Undoing directory change
'pdflatex': time = 0.35
'bibtex output': time = 0.05
'pdflatex': time = 0.35
'bibtex output': time = 0.04
Processing time = 1.07
Number of rules run = 4

